<?xml version="1.0" encoding="UTF-8"?>
<!-- Generated by org.testng.reporters.JUnitXMLReporter -->
<testsuite hostname="Dev-16" ignored="0" name="Default test" tests="4" failures="0" timestamp="06 Nov 2019 10:28:18 GMT" time="65.275" errors="0">
  <testcase name="verifyLogintest" time="12.134" classname="com.qa.illuminate.test.LoginTest"/>
  <testcase name="verifyLogintest" time="12.162" classname="com.qa.illuminate.test.LoginTest"/>
  <testcase name="verifyLogintest" time="12.293" classname="com.qa.illuminate.test.LoginTest"/>
  <testcase name="verifyLogintest" time="12.702" classname="com.qa.illuminate.test.LoginTest"/>
</testsuite> <!-- Default test -->
